[2024-05-03T11:33:35.536+0000] {local_task_job_runner.py:120} INFO - ::group::Pre task execution logs
[2024-05-03T11:33:35.567+0000] {taskinstance.py:2073} INFO - Dependencies all met for dep_context=non-requeueable deps ti=<TaskInstance: process_sales.convert_to_avro scheduled__2022-08-08T01:00:00+00:00 [queued]>
[2024-05-03T11:33:35.578+0000] {taskinstance.py:2073} INFO - Dependencies all met for dep_context=requeueable deps ti=<TaskInstance: process_sales.convert_to_avro scheduled__2022-08-08T01:00:00+00:00 [queued]>
[2024-05-03T11:33:35.578+0000] {taskinstance.py:2303} INFO - Starting attempt 1 of 2
[2024-05-03T11:33:35.593+0000] {taskinstance.py:2327} INFO - Executing <Task(BashOperator): convert_to_avro> on 2022-08-08 01:00:00+00:00
[2024-05-03T11:33:35.601+0000] {logging_mixin.py:188} WARNING - /home/***/.local/lib/python3.12/site-packages/***/task/task_runner/standard_task_runner.py:61 DeprecationWarning: This process (pid=318) is multi-threaded, use of fork() may lead to deadlocks in the child.
[2024-05-03T11:33:35.600+0000] {standard_task_runner.py:90} INFO - Running: ['***', 'tasks', 'run', 'process_sales', 'convert_to_avro', 'scheduled__2022-08-08T01:00:00+00:00', '--job-id', '22', '--raw', '--subdir', 'DAGS_FOLDER/process_sales.py', '--cfg-path', '/tmp/tmpbaxu3t1i']
[2024-05-03T11:33:35.602+0000] {standard_task_runner.py:63} INFO - Started process 320 to run task
[2024-05-03T11:33:35.603+0000] {standard_task_runner.py:91} INFO - Job 22: Subtask convert_to_avro
[2024-05-03T11:33:35.618+0000] {logging_mixin.py:188} WARNING - /home/***/.local/lib/python3.12/site-packages/***/settings.py:195 DeprecationWarning: The sql_alchemy_conn option in [core] has been moved to the sql_alchemy_conn option in [database] - the old setting has been used, but please update your config.
[2024-05-03T11:33:35.654+0000] {task_command.py:426} INFO - Running <TaskInstance: process_sales.convert_to_avro scheduled__2022-08-08T01:00:00+00:00 [running]> on host 5137b2b1dc87
[2024-05-03T11:33:35.742+0000] {taskinstance.py:2644} INFO - Exporting env vars: AIRFLOW_CTX_DAG_EMAIL='your-email@example.com' AIRFLOW_CTX_DAG_OWNER='***' AIRFLOW_CTX_DAG_ID='process_sales' AIRFLOW_CTX_TASK_ID='convert_to_avro' AIRFLOW_CTX_EXECUTION_DATE='2022-08-08T01:00:00+00:00' AIRFLOW_CTX_TRY_NUMBER='1' AIRFLOW_CTX_DAG_RUN_ID='scheduled__2022-08-08T01:00:00+00:00'
[2024-05-03T11:33:35.743+0000] {taskinstance.py:430} INFO - ::endgroup::
[2024-05-03T11:33:35.756+0000] {subprocess.py:63} INFO - Tmp dir root location: /tmp
[2024-05-03T11:33:35.757+0000] {subprocess.py:75} INFO - Running command: ['/usr/bin/bash', '-c', '\n    response=$(curl -s -o /dev/null -w "%{http_code}" -X POST "http://host.docker.internal:8082/convert_to_avro" -H "Content-Type: application/json" -d \'{"raw_dir":"file_storage/raw/sales/2022-08-08","stg_dir":"file_storage/stg/sales/2022-08-08"}\')\n    if [ $response -ne 201 ]; then\n        echo "Request failed with status code $response"\n        exit 1\n    fi\n    ']
[2024-05-03T11:33:35.767+0000] {subprocess.py:86} INFO - Output:
[2024-05-03T11:33:35.787+0000] {subprocess.py:97} INFO - Command exited with return code 0
[2024-05-03T11:33:35.787+0000] {taskinstance.py:441} INFO - ::group::Post task execution logs
[2024-05-03T11:33:35.811+0000] {taskinstance.py:1205} INFO - Marking task as SUCCESS. dag_id=process_sales, task_id=convert_to_avro, execution_date=20220808T010000, start_date=20240503T113335, end_date=20240503T113335
[2024-05-03T11:33:35.857+0000] {local_task_job_runner.py:240} INFO - Task exited with return code 0
[2024-05-03T11:33:35.873+0000] {taskinstance.py:3482} INFO - 0 downstream tasks scheduled from follow-on schedule check
[2024-05-03T11:33:35.875+0000] {local_task_job_runner.py:222} INFO - ::endgroup::
