[2024-05-03T11:21:25.333+0000] {manager.py:470} INFO - Processing files using up to 2 processes at a time 
[2024-05-03T11:21:25.335+0000] {manager.py:471} INFO - Process each file at most once every 30 seconds
[2024-05-03T11:21:25.336+0000] {manager.py:472} INFO - Checking for new files in /opt/airflow/dags every 300 seconds
[2024-05-03T11:21:25.337+0000] {manager.py:737} INFO - Searching for files in /opt/airflow/dags
[2024-05-03T11:21:25.346+0000] {manager.py:740} INFO - There are 0 files in /opt/airflow/dags
[2024-05-03T11:28:57.327+0000] {manager.py:470} INFO - Processing files using up to 2 processes at a time 
[2024-05-03T11:28:57.329+0000] {manager.py:471} INFO - Process each file at most once every 30 seconds
[2024-05-03T11:28:57.330+0000] {manager.py:472} INFO - Checking for new files in /opt/airflow/dags every 300 seconds
[2024-05-03T11:28:57.332+0000] {manager.py:737} INFO - Searching for files in /opt/airflow/dags
[2024-05-03T11:28:57.348+0000] {manager.py:740} INFO - There are 1 files in /opt/airflow/dags
[2024-05-03T11:28:57.438+0000] {manager.py:878} INFO - 
================================================================================
DAG File Processing Stats

File Path                             PID  Runtime      # DAGs    # Errors  Last Runtime    Last Run
----------------------------------  -----  ---------  --------  ----------  --------------  ----------
/opt/airflow/dags/process_sales.py    168  0.04s             0           0
================================================================================
[2024-05-03T11:29:27.590+0000] {manager.py:878} INFO - 
================================================================================
DAG File Processing Stats

File Path                           PID    Runtime      # DAGs    # Errors  Last Runtime    Last Run
----------------------------------  -----  ---------  --------  ----------  --------------  -------------------
/opt/airflow/dags/process_sales.py                           1           0  0.47s           2024-05-03T11:28:57
================================================================================
[2024-05-03T11:29:58.196+0000] {manager.py:878} INFO - 
================================================================================
DAG File Processing Stats

File Path                             PID  Runtime      # DAGs    # Errors  Last Runtime    Last Run
----------------------------------  -----  ---------  --------  ----------  --------------  -------------------
/opt/airflow/dags/process_sales.py    178  0.00s             1           0  0.12s           2024-05-03T11:29:28
================================================================================
[2024-05-03T11:30:28.455+0000] {manager.py:878} INFO - 
================================================================================
DAG File Processing Stats

File Path                             PID  Runtime      # DAGs    # Errors  Last Runtime    Last Run
----------------------------------  -----  ---------  --------  ----------  --------------  -------------------
/opt/airflow/dags/process_sales.py    183  0.00s             1           0  0.13s           2024-05-03T11:29:58
================================================================================
[2024-05-03T11:30:58.636+0000] {manager.py:878} INFO - 
================================================================================
DAG File Processing Stats

File Path                             PID  Runtime      # DAGs    # Errors  Last Runtime    Last Run
----------------------------------  -----  ---------  --------  ----------  --------------  -------------------
/opt/airflow/dags/process_sales.py    188  0.00s             1           0  0.13s           2024-05-03T11:30:28
================================================================================
[2024-05-03T11:31:28.891+0000] {manager.py:878} INFO - 
================================================================================
DAG File Processing Stats

File Path                             PID  Runtime      # DAGs    # Errors  Last Runtime    Last Run
----------------------------------  -----  ---------  --------  ----------  --------------  -------------------
/opt/airflow/dags/process_sales.py    218  0.00s             1           0  0.12s           2024-05-03T11:30:58
================================================================================
[2024-05-03T11:31:59.073+0000] {manager.py:878} INFO - 
================================================================================
DAG File Processing Stats

File Path                             PID  Runtime      # DAGs    # Errors  Last Runtime    Last Run
----------------------------------  -----  ---------  --------  ----------  --------------  -------------------
/opt/airflow/dags/process_sales.py    223  0.00s             1           0  0.13s           2024-05-03T11:31:29
================================================================================
[2024-05-03T11:32:29.339+0000] {manager.py:878} INFO - 
================================================================================
DAG File Processing Stats

File Path                             PID  Runtime      # DAGs    # Errors  Last Runtime    Last Run
----------------------------------  -----  ---------  --------  ----------  --------------  -------------------
/opt/airflow/dags/process_sales.py    253  0.00s             1           0  0.12s           2024-05-03T11:31:59
================================================================================
[2024-05-03T11:32:59.525+0000] {manager.py:878} INFO - 
================================================================================
DAG File Processing Stats

File Path                             PID  Runtime      # DAGs    # Errors  Last Runtime    Last Run
----------------------------------  -----  ---------  --------  ----------  --------------  -------------------
/opt/airflow/dags/process_sales.py    283  0.00s             1           0  0.14s           2024-05-03T11:32:29
================================================================================
[2024-05-03T11:33:29.810+0000] {manager.py:878} INFO - 
================================================================================
DAG File Processing Stats

File Path                             PID  Runtime      # DAGs    # Errors  Last Runtime    Last Run
----------------------------------  -----  ---------  --------  ----------  --------------  -------------------
/opt/airflow/dags/process_sales.py    288  0.00s             1           0  0.13s           2024-05-03T11:32:59
================================================================================
[2024-05-03T11:33:57.973+0000] {manager.py:737} INFO - Searching for files in /opt/airflow/dags
[2024-05-03T11:33:57.992+0000] {manager.py:740} INFO - There are 1 files in /opt/airflow/dags
[2024-05-03T11:34:00.028+0000] {manager.py:878} INFO - 
================================================================================
DAG File Processing Stats

File Path                             PID  Runtime      # DAGs    # Errors  Last Runtime    Last Run
----------------------------------  -----  ---------  --------  ----------  --------------  -------------------
/opt/airflow/dags/process_sales.py    343  0.00s             1           0  0.12s           2024-05-03T11:33:29
================================================================================
[2024-05-03T11:34:30.254+0000] {manager.py:878} INFO - 
================================================================================
DAG File Processing Stats

File Path                             PID  Runtime      # DAGs    # Errors  Last Runtime    Last Run
----------------------------------  -----  ---------  --------  ----------  --------------  -------------------
/opt/airflow/dags/process_sales.py    348  0.01s             1           0  0.12s           2024-05-03T11:34:00
================================================================================
[2024-05-03T11:35:00.464+0000] {manager.py:878} INFO - 
================================================================================
DAG File Processing Stats

File Path                             PID  Runtime      # DAGs    # Errors  Last Runtime    Last Run
----------------------------------  -----  ---------  --------  ----------  --------------  -------------------
/opt/airflow/dags/process_sales.py    353  0.00s             1           0  0.13s           2024-05-03T11:34:30
================================================================================
[2024-05-03T11:35:30.703+0000] {manager.py:878} INFO - 
================================================================================
DAG File Processing Stats

File Path                             PID  Runtime      # DAGs    # Errors  Last Runtime    Last Run
----------------------------------  -----  ---------  --------  ----------  --------------  -------------------
/opt/airflow/dags/process_sales.py    358  0.00s             1           0  0.12s           2024-05-03T11:35:00
================================================================================
[2024-05-03T11:36:00.886+0000] {manager.py:878} INFO - 
================================================================================
DAG File Processing Stats

File Path                             PID  Runtime      # DAGs    # Errors  Last Runtime    Last Run
----------------------------------  -----  ---------  --------  ----------  --------------  -------------------
/opt/airflow/dags/process_sales.py    363  0.00s             1           0  0.13s           2024-05-03T11:35:30
================================================================================
[2024-05-03T11:36:31.142+0000] {manager.py:878} INFO - 
================================================================================
DAG File Processing Stats

File Path                             PID  Runtime      # DAGs    # Errors  Last Runtime    Last Run
----------------------------------  -----  ---------  --------  ----------  --------------  -------------------
/opt/airflow/dags/process_sales.py    368  0.00s             1           0  0.12s           2024-05-03T11:36:01
================================================================================
[2024-05-03T11:37:01.339+0000] {manager.py:878} INFO - 
================================================================================
DAG File Processing Stats

File Path                             PID  Runtime      # DAGs    # Errors  Last Runtime    Last Run
----------------------------------  -----  ---------  --------  ----------  --------------  -------------------
/opt/airflow/dags/process_sales.py    373  0.00s             1           0  0.13s           2024-05-03T11:36:31
================================================================================
[2024-05-03T11:37:31.591+0000] {manager.py:878} INFO - 
================================================================================
DAG File Processing Stats

File Path                             PID  Runtime      # DAGs    # Errors  Last Runtime    Last Run
----------------------------------  -----  ---------  --------  ----------  --------------  -------------------
/opt/airflow/dags/process_sales.py    378  0.00s             1           0  0.12s           2024-05-03T11:37:01
================================================================================
[2024-05-03T11:38:01.773+0000] {manager.py:878} INFO - 
================================================================================
DAG File Processing Stats

File Path                             PID  Runtime      # DAGs    # Errors  Last Runtime    Last Run
----------------------------------  -----  ---------  --------  ----------  --------------  -------------------
/opt/airflow/dags/process_sales.py    383  0.00s             1           0  0.12s           2024-05-03T11:37:31
================================================================================
[2024-05-03T11:38:03.860+0000] {manager.py:1128} WARNING - Skipping processing of missing file: /opt/airflow/dags/process_sales.py
