[2024-05-03T11:28:57.428+0000] {processor.py:161} INFO - Started process (PID=168) to work on /opt/airflow/dags/process_sales.py
[2024-05-03T11:28:57.429+0000] {processor.py:830} INFO - Processing file /opt/airflow/dags/process_sales.py for tasks to queue
[2024-05-03T11:28:57.432+0000] {logging_mixin.py:188} INFO - [2024-05-03T11:28:57.431+0000] {dagbag.py:540} INFO - Filling up the DagBag from /opt/airflow/dags/process_sales.py
[2024-05-03T11:28:57.469+0000] {processor.py:840} INFO - DAG(s) 'process_sales' retrieved from /opt/airflow/dags/process_sales.py
[2024-05-03T11:28:57.797+0000] {logging_mixin.py:188} INFO - [2024-05-03T11:28:57.796+0000] {override.py:1829} INFO - Created Permission View: can edit on DAG:process_sales
[2024-05-03T11:28:57.809+0000] {logging_mixin.py:188} INFO - [2024-05-03T11:28:57.809+0000] {override.py:1829} INFO - Created Permission View: can delete on DAG:process_sales
[2024-05-03T11:28:57.818+0000] {logging_mixin.py:188} INFO - [2024-05-03T11:28:57.818+0000] {override.py:1829} INFO - Created Permission View: can read on DAG:process_sales
[2024-05-03T11:28:57.819+0000] {logging_mixin.py:188} INFO - [2024-05-03T11:28:57.819+0000] {dag.py:3096} INFO - Sync 1 DAGs
[2024-05-03T11:28:57.830+0000] {logging_mixin.py:188} INFO - [2024-05-03T11:28:57.829+0000] {dag.py:3118} INFO - Creating ORM DAG for process_sales
[2024-05-03T11:28:57.841+0000] {logging_mixin.py:188} INFO - [2024-05-03T11:28:57.840+0000] {dag.py:3954} INFO - Setting next_dagrun for process_sales to 2022-08-08 01:00:00+00:00, run_after=2022-08-09 01:00:00+00:00
[2024-05-03T11:28:57.861+0000] {processor.py:183} INFO - Processing /opt/airflow/dags/process_sales.py took 0.440 seconds
[2024-05-03T11:29:28.041+0000] {processor.py:161} INFO - Started process (PID=173) to work on /opt/airflow/dags/process_sales.py
[2024-05-03T11:29:28.042+0000] {processor.py:830} INFO - Processing file /opt/airflow/dags/process_sales.py for tasks to queue
[2024-05-03T11:29:28.044+0000] {logging_mixin.py:188} INFO - [2024-05-03T11:29:28.043+0000] {dagbag.py:540} INFO - Filling up the DagBag from /opt/airflow/dags/process_sales.py
[2024-05-03T11:29:28.062+0000] {processor.py:840} INFO - DAG(s) 'process_sales' retrieved from /opt/airflow/dags/process_sales.py
[2024-05-03T11:29:28.092+0000] {logging_mixin.py:188} INFO - [2024-05-03T11:29:28.091+0000] {dag.py:3096} INFO - Sync 1 DAGs
[2024-05-03T11:29:28.115+0000] {logging_mixin.py:188} INFO - [2024-05-03T11:29:28.114+0000] {dag.py:3954} INFO - Setting next_dagrun for process_sales to 2022-08-08 01:00:00+00:00, run_after=2022-08-09 01:00:00+00:00
[2024-05-03T11:29:28.137+0000] {processor.py:183} INFO - Processing /opt/airflow/dags/process_sales.py took 0.101 seconds
[2024-05-03T11:29:58.217+0000] {processor.py:161} INFO - Started process (PID=178) to work on /opt/airflow/dags/process_sales.py
[2024-05-03T11:29:58.218+0000] {processor.py:830} INFO - Processing file /opt/airflow/dags/process_sales.py for tasks to queue
[2024-05-03T11:29:58.221+0000] {logging_mixin.py:188} INFO - [2024-05-03T11:29:58.220+0000] {dagbag.py:540} INFO - Filling up the DagBag from /opt/airflow/dags/process_sales.py
[2024-05-03T11:29:58.242+0000] {processor.py:840} INFO - DAG(s) 'process_sales' retrieved from /opt/airflow/dags/process_sales.py
[2024-05-03T11:29:58.270+0000] {logging_mixin.py:188} INFO - [2024-05-03T11:29:58.269+0000] {dag.py:3096} INFO - Sync 1 DAGs
[2024-05-03T11:29:58.291+0000] {logging_mixin.py:188} INFO - [2024-05-03T11:29:58.291+0000] {dag.py:3954} INFO - Setting next_dagrun for process_sales to 2022-08-08 01:00:00+00:00, run_after=2022-08-09 01:00:00+00:00
[2024-05-03T11:29:58.312+0000] {processor.py:183} INFO - Processing /opt/airflow/dags/process_sales.py took 0.100 seconds
[2024-05-03T11:30:28.474+0000] {processor.py:161} INFO - Started process (PID=183) to work on /opt/airflow/dags/process_sales.py
[2024-05-03T11:30:28.475+0000] {processor.py:830} INFO - Processing file /opt/airflow/dags/process_sales.py for tasks to queue
[2024-05-03T11:30:28.477+0000] {logging_mixin.py:188} INFO - [2024-05-03T11:30:28.477+0000] {dagbag.py:540} INFO - Filling up the DagBag from /opt/airflow/dags/process_sales.py
[2024-05-03T11:30:28.498+0000] {processor.py:840} INFO - DAG(s) 'process_sales' retrieved from /opt/airflow/dags/process_sales.py
[2024-05-03T11:30:28.529+0000] {logging_mixin.py:188} INFO - [2024-05-03T11:30:28.529+0000] {dag.py:3096} INFO - Sync 1 DAGs
[2024-05-03T11:30:28.550+0000] {logging_mixin.py:188} INFO - [2024-05-03T11:30:28.550+0000] {dag.py:3954} INFO - Setting next_dagrun for process_sales to 2022-08-08 01:00:00+00:00, run_after=2022-08-09 01:00:00+00:00
[2024-05-03T11:30:28.570+0000] {processor.py:183} INFO - Processing /opt/airflow/dags/process_sales.py took 0.103 seconds
[2024-05-03T11:30:58.652+0000] {processor.py:161} INFO - Started process (PID=188) to work on /opt/airflow/dags/process_sales.py
[2024-05-03T11:30:58.653+0000] {processor.py:830} INFO - Processing file /opt/airflow/dags/process_sales.py for tasks to queue
[2024-05-03T11:30:58.655+0000] {logging_mixin.py:188} INFO - [2024-05-03T11:30:58.655+0000] {dagbag.py:540} INFO - Filling up the DagBag from /opt/airflow/dags/process_sales.py
[2024-05-03T11:30:58.673+0000] {processor.py:840} INFO - DAG(s) 'process_sales' retrieved from /opt/airflow/dags/process_sales.py
[2024-05-03T11:30:58.699+0000] {logging_mixin.py:188} INFO - [2024-05-03T11:30:58.699+0000] {dag.py:3096} INFO - Sync 1 DAGs
[2024-05-03T11:30:58.723+0000] {logging_mixin.py:188} INFO - [2024-05-03T11:30:58.722+0000] {dag.py:3954} INFO - Setting next_dagrun for process_sales to 2022-08-08 01:00:00+00:00, run_after=2022-08-09 01:00:00+00:00
[2024-05-03T11:30:58.744+0000] {processor.py:183} INFO - Processing /opt/airflow/dags/process_sales.py took 0.096 seconds
[2024-05-03T11:31:28.908+0000] {processor.py:161} INFO - Started process (PID=218) to work on /opt/airflow/dags/process_sales.py
[2024-05-03T11:31:28.909+0000] {processor.py:830} INFO - Processing file /opt/airflow/dags/process_sales.py for tasks to queue
[2024-05-03T11:31:28.911+0000] {logging_mixin.py:188} INFO - [2024-05-03T11:31:28.911+0000] {dagbag.py:540} INFO - Filling up the DagBag from /opt/airflow/dags/process_sales.py
[2024-05-03T11:31:28.929+0000] {processor.py:840} INFO - DAG(s) 'process_sales' retrieved from /opt/airflow/dags/process_sales.py
[2024-05-03T11:31:28.956+0000] {logging_mixin.py:188} INFO - [2024-05-03T11:31:28.955+0000] {dag.py:3096} INFO - Sync 1 DAGs
[2024-05-03T11:31:28.978+0000] {logging_mixin.py:188} INFO - [2024-05-03T11:31:28.978+0000] {dag.py:3954} INFO - Setting next_dagrun for process_sales to None, run_after=None
[2024-05-03T11:31:29.001+0000] {processor.py:183} INFO - Processing /opt/airflow/dags/process_sales.py took 0.097 seconds
[2024-05-03T11:31:59.090+0000] {processor.py:161} INFO - Started process (PID=223) to work on /opt/airflow/dags/process_sales.py
[2024-05-03T11:31:59.091+0000] {processor.py:830} INFO - Processing file /opt/airflow/dags/process_sales.py for tasks to queue
[2024-05-03T11:31:59.093+0000] {logging_mixin.py:188} INFO - [2024-05-03T11:31:59.093+0000] {dagbag.py:540} INFO - Filling up the DagBag from /opt/airflow/dags/process_sales.py
[2024-05-03T11:31:59.113+0000] {processor.py:840} INFO - DAG(s) 'process_sales' retrieved from /opt/airflow/dags/process_sales.py
[2024-05-03T11:31:59.138+0000] {logging_mixin.py:188} INFO - [2024-05-03T11:31:59.138+0000] {dag.py:3096} INFO - Sync 1 DAGs
[2024-05-03T11:31:59.159+0000] {logging_mixin.py:188} INFO - [2024-05-03T11:31:59.159+0000] {dag.py:3954} INFO - Setting next_dagrun for process_sales to None, run_after=None
[2024-05-03T11:31:59.181+0000] {processor.py:183} INFO - Processing /opt/airflow/dags/process_sales.py took 0.095 seconds
[2024-05-03T11:32:29.356+0000] {processor.py:161} INFO - Started process (PID=253) to work on /opt/airflow/dags/process_sales.py
[2024-05-03T11:32:29.357+0000] {processor.py:830} INFO - Processing file /opt/airflow/dags/process_sales.py for tasks to queue
[2024-05-03T11:32:29.359+0000] {logging_mixin.py:188} INFO - [2024-05-03T11:32:29.359+0000] {dagbag.py:540} INFO - Filling up the DagBag from /opt/airflow/dags/process_sales.py
[2024-05-03T11:32:29.380+0000] {processor.py:840} INFO - DAG(s) 'process_sales' retrieved from /opt/airflow/dags/process_sales.py
[2024-05-03T11:32:29.414+0000] {logging_mixin.py:188} INFO - [2024-05-03T11:32:29.413+0000] {dag.py:3096} INFO - Sync 1 DAGs
[2024-05-03T11:32:29.444+0000] {logging_mixin.py:188} INFO - [2024-05-03T11:32:29.444+0000] {dag.py:3954} INFO - Setting next_dagrun for process_sales to 2022-08-08 01:00:00+00:00, run_after=2022-08-09 01:00:00+00:00
[2024-05-03T11:32:29.466+0000] {processor.py:183} INFO - Processing /opt/airflow/dags/process_sales.py took 0.114 seconds
[2024-05-03T11:32:59.543+0000] {processor.py:161} INFO - Started process (PID=283) to work on /opt/airflow/dags/process_sales.py
[2024-05-03T11:32:59.544+0000] {processor.py:830} INFO - Processing file /opt/airflow/dags/process_sales.py for tasks to queue
[2024-05-03T11:32:59.545+0000] {logging_mixin.py:188} INFO - [2024-05-03T11:32:59.545+0000] {dagbag.py:540} INFO - Filling up the DagBag from /opt/airflow/dags/process_sales.py
[2024-05-03T11:32:59.567+0000] {processor.py:840} INFO - DAG(s) 'process_sales' retrieved from /opt/airflow/dags/process_sales.py
[2024-05-03T11:32:59.593+0000] {logging_mixin.py:188} INFO - [2024-05-03T11:32:59.593+0000] {dag.py:3096} INFO - Sync 1 DAGs
[2024-05-03T11:32:59.617+0000] {logging_mixin.py:188} INFO - [2024-05-03T11:32:59.617+0000] {dag.py:3954} INFO - Setting next_dagrun for process_sales to None, run_after=None
[2024-05-03T11:32:59.638+0000] {processor.py:183} INFO - Processing /opt/airflow/dags/process_sales.py took 0.101 seconds
[2024-05-03T11:33:29.826+0000] {processor.py:161} INFO - Started process (PID=288) to work on /opt/airflow/dags/process_sales.py
[2024-05-03T11:33:29.827+0000] {processor.py:830} INFO - Processing file /opt/airflow/dags/process_sales.py for tasks to queue
[2024-05-03T11:33:29.830+0000] {logging_mixin.py:188} INFO - [2024-05-03T11:33:29.829+0000] {dagbag.py:540} INFO - Filling up the DagBag from /opt/airflow/dags/process_sales.py
[2024-05-03T11:33:29.848+0000] {processor.py:840} INFO - DAG(s) 'process_sales' retrieved from /opt/airflow/dags/process_sales.py
[2024-05-03T11:33:29.874+0000] {logging_mixin.py:188} INFO - [2024-05-03T11:33:29.874+0000] {dag.py:3096} INFO - Sync 1 DAGs
[2024-05-03T11:33:29.897+0000] {logging_mixin.py:188} INFO - [2024-05-03T11:33:29.897+0000] {dag.py:3954} INFO - Setting next_dagrun for process_sales to None, run_after=None
[2024-05-03T11:33:29.919+0000] {processor.py:183} INFO - Processing /opt/airflow/dags/process_sales.py took 0.099 seconds
[2024-05-03T11:34:00.043+0000] {processor.py:161} INFO - Started process (PID=343) to work on /opt/airflow/dags/process_sales.py
[2024-05-03T11:34:00.044+0000] {processor.py:830} INFO - Processing file /opt/airflow/dags/process_sales.py for tasks to queue
[2024-05-03T11:34:00.046+0000] {logging_mixin.py:188} INFO - [2024-05-03T11:34:00.045+0000] {dagbag.py:540} INFO - Filling up the DagBag from /opt/airflow/dags/process_sales.py
[2024-05-03T11:34:00.063+0000] {processor.py:840} INFO - DAG(s) 'process_sales' retrieved from /opt/airflow/dags/process_sales.py
[2024-05-03T11:34:00.088+0000] {logging_mixin.py:188} INFO - [2024-05-03T11:34:00.088+0000] {dag.py:3096} INFO - Sync 1 DAGs
[2024-05-03T11:34:00.111+0000] {logging_mixin.py:188} INFO - [2024-05-03T11:34:00.111+0000] {dag.py:3954} INFO - Setting next_dagrun for process_sales to None, run_after=None
[2024-05-03T11:34:00.133+0000] {processor.py:183} INFO - Processing /opt/airflow/dags/process_sales.py took 0.095 seconds
[2024-05-03T11:34:30.275+0000] {processor.py:161} INFO - Started process (PID=348) to work on /opt/airflow/dags/process_sales.py
[2024-05-03T11:34:30.276+0000] {processor.py:830} INFO - Processing file /opt/airflow/dags/process_sales.py for tasks to queue
[2024-05-03T11:34:30.278+0000] {logging_mixin.py:188} INFO - [2024-05-03T11:34:30.277+0000] {dagbag.py:540} INFO - Filling up the DagBag from /opt/airflow/dags/process_sales.py
[2024-05-03T11:34:30.299+0000] {processor.py:840} INFO - DAG(s) 'process_sales' retrieved from /opt/airflow/dags/process_sales.py
[2024-05-03T11:34:30.325+0000] {logging_mixin.py:188} INFO - [2024-05-03T11:34:30.325+0000] {dag.py:3096} INFO - Sync 1 DAGs
[2024-05-03T11:34:30.346+0000] {logging_mixin.py:188} INFO - [2024-05-03T11:34:30.346+0000] {dag.py:3954} INFO - Setting next_dagrun for process_sales to None, run_after=None
[2024-05-03T11:34:30.366+0000] {processor.py:183} INFO - Processing /opt/airflow/dags/process_sales.py took 0.098 seconds
[2024-05-03T11:35:00.480+0000] {processor.py:161} INFO - Started process (PID=353) to work on /opt/airflow/dags/process_sales.py
[2024-05-03T11:35:00.481+0000] {processor.py:830} INFO - Processing file /opt/airflow/dags/process_sales.py for tasks to queue
[2024-05-03T11:35:00.482+0000] {logging_mixin.py:188} INFO - [2024-05-03T11:35:00.482+0000] {dagbag.py:540} INFO - Filling up the DagBag from /opt/airflow/dags/process_sales.py
[2024-05-03T11:35:00.500+0000] {processor.py:840} INFO - DAG(s) 'process_sales' retrieved from /opt/airflow/dags/process_sales.py
[2024-05-03T11:35:00.526+0000] {logging_mixin.py:188} INFO - [2024-05-03T11:35:00.526+0000] {dag.py:3096} INFO - Sync 1 DAGs
[2024-05-03T11:35:00.548+0000] {logging_mixin.py:188} INFO - [2024-05-03T11:35:00.548+0000] {dag.py:3954} INFO - Setting next_dagrun for process_sales to None, run_after=None
[2024-05-03T11:35:00.571+0000] {processor.py:183} INFO - Processing /opt/airflow/dags/process_sales.py took 0.095 seconds
[2024-05-03T11:35:30.721+0000] {processor.py:161} INFO - Started process (PID=358) to work on /opt/airflow/dags/process_sales.py
[2024-05-03T11:35:30.722+0000] {processor.py:830} INFO - Processing file /opt/airflow/dags/process_sales.py for tasks to queue
[2024-05-03T11:35:30.725+0000] {logging_mixin.py:188} INFO - [2024-05-03T11:35:30.724+0000] {dagbag.py:540} INFO - Filling up the DagBag from /opt/airflow/dags/process_sales.py
[2024-05-03T11:35:30.745+0000] {processor.py:840} INFO - DAG(s) 'process_sales' retrieved from /opt/airflow/dags/process_sales.py
[2024-05-03T11:35:30.775+0000] {logging_mixin.py:188} INFO - [2024-05-03T11:35:30.774+0000] {dag.py:3096} INFO - Sync 1 DAGs
[2024-05-03T11:35:30.800+0000] {logging_mixin.py:188} INFO - [2024-05-03T11:35:30.799+0000] {dag.py:3954} INFO - Setting next_dagrun for process_sales to None, run_after=None
[2024-05-03T11:35:30.821+0000] {processor.py:183} INFO - Processing /opt/airflow/dags/process_sales.py took 0.106 seconds
[2024-05-03T11:36:00.903+0000] {processor.py:161} INFO - Started process (PID=363) to work on /opt/airflow/dags/process_sales.py
[2024-05-03T11:36:00.904+0000] {processor.py:830} INFO - Processing file /opt/airflow/dags/process_sales.py for tasks to queue
[2024-05-03T11:36:00.906+0000] {logging_mixin.py:188} INFO - [2024-05-03T11:36:00.906+0000] {dagbag.py:540} INFO - Filling up the DagBag from /opt/airflow/dags/process_sales.py
[2024-05-03T11:36:00.924+0000] {processor.py:840} INFO - DAG(s) 'process_sales' retrieved from /opt/airflow/dags/process_sales.py
[2024-05-03T11:36:00.949+0000] {logging_mixin.py:188} INFO - [2024-05-03T11:36:00.949+0000] {dag.py:3096} INFO - Sync 1 DAGs
[2024-05-03T11:36:00.972+0000] {logging_mixin.py:188} INFO - [2024-05-03T11:36:00.971+0000] {dag.py:3954} INFO - Setting next_dagrun for process_sales to None, run_after=None
[2024-05-03T11:36:00.993+0000] {processor.py:183} INFO - Processing /opt/airflow/dags/process_sales.py took 0.094 seconds
[2024-05-03T11:36:31.161+0000] {processor.py:161} INFO - Started process (PID=368) to work on /opt/airflow/dags/process_sales.py
[2024-05-03T11:36:31.162+0000] {processor.py:830} INFO - Processing file /opt/airflow/dags/process_sales.py for tasks to queue
[2024-05-03T11:36:31.164+0000] {logging_mixin.py:188} INFO - [2024-05-03T11:36:31.163+0000] {dagbag.py:540} INFO - Filling up the DagBag from /opt/airflow/dags/process_sales.py
[2024-05-03T11:36:31.183+0000] {processor.py:840} INFO - DAG(s) 'process_sales' retrieved from /opt/airflow/dags/process_sales.py
[2024-05-03T11:36:31.210+0000] {logging_mixin.py:188} INFO - [2024-05-03T11:36:31.209+0000] {dag.py:3096} INFO - Sync 1 DAGs
[2024-05-03T11:36:31.232+0000] {logging_mixin.py:188} INFO - [2024-05-03T11:36:31.232+0000] {dag.py:3954} INFO - Setting next_dagrun for process_sales to None, run_after=None
[2024-05-03T11:36:31.256+0000] {processor.py:183} INFO - Processing /opt/airflow/dags/process_sales.py took 0.101 seconds
[2024-05-03T11:37:01.356+0000] {processor.py:161} INFO - Started process (PID=373) to work on /opt/airflow/dags/process_sales.py
[2024-05-03T11:37:01.358+0000] {processor.py:830} INFO - Processing file /opt/airflow/dags/process_sales.py for tasks to queue
[2024-05-03T11:37:01.360+0000] {logging_mixin.py:188} INFO - [2024-05-03T11:37:01.360+0000] {dagbag.py:540} INFO - Filling up the DagBag from /opt/airflow/dags/process_sales.py
[2024-05-03T11:37:01.378+0000] {processor.py:840} INFO - DAG(s) 'process_sales' retrieved from /opt/airflow/dags/process_sales.py
[2024-05-03T11:37:01.402+0000] {logging_mixin.py:188} INFO - [2024-05-03T11:37:01.402+0000] {dag.py:3096} INFO - Sync 1 DAGs
[2024-05-03T11:37:01.426+0000] {logging_mixin.py:188} INFO - [2024-05-03T11:37:01.425+0000] {dag.py:3954} INFO - Setting next_dagrun for process_sales to None, run_after=None
[2024-05-03T11:37:01.448+0000] {processor.py:183} INFO - Processing /opt/airflow/dags/process_sales.py took 0.096 seconds
[2024-05-03T11:37:31.608+0000] {processor.py:161} INFO - Started process (PID=378) to work on /opt/airflow/dags/process_sales.py
[2024-05-03T11:37:31.609+0000] {processor.py:830} INFO - Processing file /opt/airflow/dags/process_sales.py for tasks to queue
[2024-05-03T11:37:31.611+0000] {logging_mixin.py:188} INFO - [2024-05-03T11:37:31.611+0000] {dagbag.py:540} INFO - Filling up the DagBag from /opt/airflow/dags/process_sales.py
[2024-05-03T11:37:31.629+0000] {processor.py:840} INFO - DAG(s) 'process_sales' retrieved from /opt/airflow/dags/process_sales.py
[2024-05-03T11:37:31.657+0000] {logging_mixin.py:188} INFO - [2024-05-03T11:37:31.657+0000] {dag.py:3096} INFO - Sync 1 DAGs
[2024-05-03T11:37:31.678+0000] {logging_mixin.py:188} INFO - [2024-05-03T11:37:31.678+0000] {dag.py:3954} INFO - Setting next_dagrun for process_sales to None, run_after=None
[2024-05-03T11:37:31.698+0000] {processor.py:183} INFO - Processing /opt/airflow/dags/process_sales.py took 0.095 seconds
[2024-05-03T11:38:01.791+0000] {processor.py:161} INFO - Started process (PID=383) to work on /opt/airflow/dags/process_sales.py
[2024-05-03T11:38:01.792+0000] {processor.py:830} INFO - Processing file /opt/airflow/dags/process_sales.py for tasks to queue
[2024-05-03T11:38:01.794+0000] {logging_mixin.py:188} INFO - [2024-05-03T11:38:01.794+0000] {dagbag.py:540} INFO - Filling up the DagBag from /opt/airflow/dags/process_sales.py
[2024-05-03T11:38:01.813+0000] {processor.py:840} INFO - DAG(s) 'process_sales' retrieved from /opt/airflow/dags/process_sales.py
[2024-05-03T11:38:01.840+0000] {logging_mixin.py:188} INFO - [2024-05-03T11:38:01.840+0000] {dag.py:3096} INFO - Sync 1 DAGs
[2024-05-03T11:38:01.865+0000] {logging_mixin.py:188} INFO - [2024-05-03T11:38:01.864+0000] {dag.py:3954} INFO - Setting next_dagrun for process_sales to None, run_after=None
[2024-05-03T11:38:01.887+0000] {processor.py:183} INFO - Processing /opt/airflow/dags/process_sales.py took 0.101 seconds
